<?xml version="1.0" encoding="UTF-8"?>
<!-- Generated by org.testng.reporters.JUnitReportReporter -->
<testsuite hostname="DELL-PC" name="projectScripts.Script_Cart" tests="1" failures="0" timestamp="20 Aug 2017 10:53:46 GMT" time="16.194" errors="0">
  <testcase name="Cart_AddBook" time="16.194" classname="projectScripts.Script_Cart"/>
</testsuite> <!-- projectScripts.Script_Cart -->
