<?xml version="1.0" encoding="UTF-8"?>
<!-- Generated by org.testng.reporters.JUnitReportReporter -->
<testsuite hostname="DELL-PC" name="projectScripts.Script_Search" tests="1" failures="0" timestamp="19 Aug 2017 11:01:14 GMT" time="11.505" errors="0">
  <testcase name="validSearch" time="11.505" classname="projectScripts.Script_Search"/>
</testsuite> <!-- projectScripts.Script_Search -->
