<?xml version="1.0" encoding="UTF-8"?>
<!-- Generated by org.testng.reporters.JUnitReportReporter -->
<testsuite hostname="DELL-PC" name="projectScripts.Script_Login" tests="3" failures="0" timestamp="19 Aug 2017 11:01:14 GMT" time="32.931" errors="0">
  <testcase name="invalidLogin" time="10.064" classname="projectScripts.Script_Login"/>
  <testcase name="invalidLogin" time="10.441" classname="projectScripts.Script_Login"/>
  <testcase name="validLogin" time="12.426" classname="projectScripts.Script_Login"/>
</testsuite> <!-- projectScripts.Script_Login -->
