<?xml version="1.0" encoding="UTF-8"?>
<!-- Generated by org.testng.reporters.JUnitReportReporter -->
<testsuite hostname="DELL-PC" name="projectScripts.Script_Cart" tests="1" failures="0" timestamp="20 Aug 2017 10:58:55 GMT" time="18.539" errors="0">
  <testcase name="Cart_AddBook" time="18.539" classname="projectScripts.Script_Cart"/>
</testsuite> <!-- projectScripts.Script_Cart -->
